Determining if the pthread_create exist failed with the following output:
Change Dir: /home/izzat/NN_RSE/proj_1_build_my_world/build/CMakeFiles/CMakeTmp

Run Build Command:"/usr/bin/make" "cmTC_0274b/fast"
/usr/bin/make -f CMakeFiles/cmTC_0274b.dir/build.make CMakeFiles/cmTC_0274b.dir/build
make[1]: Entering directory '/home/izzat/NN_RSE/proj_1_build_my_world/build/CMakeFiles/CMakeTmp'
Building C object CMakeFiles/cmTC_0274b.dir/CheckSymbolExists.c.o
/usr/bin/cc     -o CMakeFiles/cmTC_0274b.dir/CheckSymbolExists.c.o   -c /home/izzat/NN_RSE/proj_1_build_my_world/build/CMakeFiles/CMakeTmp/CheckSymbolExists.c
Linking C executable cmTC_0274b
/usr/bin/cmake -E cmake_link_script CMakeFiles/cmTC_0274b.dir/link.txt --verbose=1
/usr/bin/cc       CMakeFiles/cmTC_0274b.dir/CheckSymbolExists.c.o  -o cmTC_0274b -rdynamic 
CMakeFiles/cmTC_0274b.dir/CheckSymbolExists.c.o: In function `main':
CheckSymbolExists.c:(.text+0x16): undefined reference to `pthread_create'
collect2: error: ld returned 1 exit status
CMakeFiles/cmTC_0274b.dir/build.make:97: recipe for target 'cmTC_0274b' failed
make[1]: *** [cmTC_0274b] Error 1
make[1]: Leaving directory '/home/izzat/NN_RSE/proj_1_build_my_world/build/CMakeFiles/CMakeTmp'
Makefile:126: recipe for target 'cmTC_0274b/fast' failed
make: *** [cmTC_0274b/fast] Error 2

File /home/izzat/NN_RSE/proj_1_build_my_world/build/CMakeFiles/CMakeTmp/CheckSymbolExists.c:
/* */
#include <pthread.h>

int main(int argc, char** argv)
{
  (void)argv;
#ifndef pthread_create
  return ((int*)(&pthread_create))[argc];
#else
  (void)argc;
  return 0;
#endif
}

Determining if the function pthread_create exists in the pthreads failed with the following output:
Change Dir: /home/izzat/NN_RSE/proj_1_build_my_world/build/CMakeFiles/CMakeTmp

Run Build Command:"/usr/bin/make" "cmTC_47ef9/fast"
/usr/bin/make -f CMakeFiles/cmTC_47ef9.dir/build.make CMakeFiles/cmTC_47ef9.dir/build
make[1]: Entering directory '/home/izzat/NN_RSE/proj_1_build_my_world/build/CMakeFiles/CMakeTmp'
Building C object CMakeFiles/cmTC_47ef9.dir/CheckFunctionExists.c.o
/usr/bin/cc    -DCHECK_FUNCTION_EXISTS=pthread_create   -o CMakeFiles/cmTC_47ef9.dir/CheckFunctionExists.c.o   -c /usr/share/cmake-3.5/Modules/CheckFunctionExists.c
Linking C executable cmTC_47ef9
/usr/bin/cmake -E cmake_link_script CMakeFiles/cmTC_47ef9.dir/link.txt --verbose=1
/usr/bin/cc   -DCHECK_FUNCTION_EXISTS=pthread_create    CMakeFiles/cmTC_47ef9.dir/CheckFunctionExists.c.o  -o cmTC_47ef9 -rdynamic -lpthreads 
/usr/bin/ld: cannot find -lpthreads
collect2: error: ld returned 1 exit status
CMakeFiles/cmTC_47ef9.dir/build.make:97: recipe for target 'cmTC_47ef9' failed
make[1]: *** [cmTC_47ef9] Error 1
make[1]: Leaving directory '/home/izzat/NN_RSE/proj_1_build_my_world/build/CMakeFiles/CMakeTmp'
Makefile:126: recipe for target 'cmTC_47ef9/fast' failed
make: *** [cmTC_47ef9/fast] Error 2


